2024-09-19 06:22:07 [org.springframework.kafka.KafkaListenerEndpointContainer#0-retry-6000-0-C-1] INFO  o.apache.kafka.clients.NetworkClient - [Consumer clientId=consumer-payment-service-retry-6000-3, groupId=payment-service-retry-6000] Disconnecting from node 0 due to request timeout.
2024-09-19 06:22:07 [org.springframework.kafka.KafkaListenerEndpointContainer#0-retry-3000-0-C-1] INFO  o.apache.kafka.clients.NetworkClient - [Consumer clientId=consumer-payment-service-retry-3000-2, groupId=payment-service-retry-3000] Disconnecting from node 0 due to request timeout.
2024-09-19 06:22:07 [org.springframework.kafka.KafkaListenerEndpointContainer#0-0-C-1] INFO  o.apache.kafka.clients.NetworkClient - [Consumer clientId=consumer-payment-service-4, groupId=payment-service] Disconnecting from node 0 due to request timeout.
2024-09-19 06:22:07 [org.springframework.kafka.KafkaListenerEndpointContainer#0-dlt-0-C-1] INFO  o.apache.kafka.clients.NetworkClient - [Consumer clientId=consumer-payment-service-dlt-1, groupId=payment-service-dlt] Disconnecting from node 0 due to request timeout.
2024-09-19 06:22:07 [org.springframework.kafka.KafkaListenerEndpointContainer#0-retry-6000-0-C-1] INFO  o.apache.kafka.clients.NetworkClient - [Consumer clientId=consumer-payment-service-retry-6000-3, groupId=payment-service-retry-6000] Cancelled in-flight FETCH request with correlation id 15298 due to node 0 being disconnected (elapsed time since creation: 34224157ms, elapsed time since send: 34224157ms, request timeout: 30000ms)
2024-09-19 06:22:07 [org.springframework.kafka.KafkaListenerEndpointContainer#0-retry-6000-0-C-1] INFO  o.a.k.clients.FetchSessionHandler - [Consumer clientId=consumer-payment-service-retry-6000-3, groupId=payment-service-retry-6000] Error sending fetch request (sessionId=2024891559, epoch=3271) to node 0:
org.apache.kafka.common.errors.DisconnectException: null
2024-09-19 06:22:07 [kafka-coordinator-heartbeat-thread | payment-service-retry-6000] INFO  o.a.k.c.c.i.ConsumerCoordinator - [Consumer clientId=consumer-payment-service-retry-6000-3, groupId=payment-service-retry-6000] Group coordinator HP:9092 (id: 2147483647 rack: null) is unavailable or invalid due to cause: session timed out without receiving a heartbeat response. isDisconnected: false. Rediscovery will be attempted.
2024-09-19 06:22:07 [kafka-coordinator-heartbeat-thread | payment-service-retry-6000] INFO  o.a.k.c.c.i.ConsumerCoordinator - [Consumer clientId=consumer-payment-service-retry-6000-3, groupId=payment-service-retry-6000] Requesting disconnect from last known coordinator HP:9092 (id: 2147483647 rack: null)
2024-09-19 06:22:07 [kafka-coordinator-heartbeat-thread | payment-service-retry-6000] INFO  o.apache.kafka.clients.NetworkClient - [Consumer clientId=consumer-payment-service-retry-6000-3, groupId=payment-service-retry-6000] Client requested disconnect from node 2147483647
2024-09-19 06:22:07 [org.springframework.kafka.KafkaListenerEndpointContainer#0-retry-3000-0-C-1] INFO  o.apache.kafka.clients.NetworkClient - [Consumer clientId=consumer-payment-service-retry-3000-2, groupId=payment-service-retry-3000] Cancelled in-flight FETCH request with correlation id 15298 due to node 0 being disconnected (elapsed time since creation: 34224237ms, elapsed time since send: 34224236ms, request timeout: 30000ms)
2024-09-19 06:22:07 [org.springframework.kafka.KafkaListenerEndpointContainer#0-retry-3000-0-C-1] INFO  o.a.k.clients.FetchSessionHandler - [Consumer clientId=consumer-payment-service-retry-3000-2, groupId=payment-service-retry-3000] Error sending fetch request (sessionId=1196882380, epoch=3271) to node 0:
org.apache.kafka.common.errors.DisconnectException: null
2024-09-19 06:22:07 [kafka-coordinator-heartbeat-thread | payment-service-retry-3000] INFO  o.a.k.c.c.i.ConsumerCoordinator - [Consumer clientId=consumer-payment-service-retry-3000-2, groupId=payment-service-retry-3000] Group coordinator HP:9092 (id: 2147483647 rack: null) is unavailable or invalid due to cause: session timed out without receiving a heartbeat response. isDisconnected: false. Rediscovery will be attempted.
2024-09-19 06:22:07 [kafka-coordinator-heartbeat-thread | payment-service-retry-3000] INFO  o.a.k.c.c.i.ConsumerCoordinator - [Consumer clientId=consumer-payment-service-retry-3000-2, groupId=payment-service-retry-3000] Requesting disconnect from last known coordinator HP:9092 (id: 2147483647 rack: null)
2024-09-19 06:22:07 [kafka-coordinator-heartbeat-thread | payment-service-retry-3000] INFO  o.apache.kafka.clients.NetworkClient - [Consumer clientId=consumer-payment-service-retry-3000-2, groupId=payment-service-retry-3000] Client requested disconnect from node 2147483647
2024-09-19 06:22:07 [org.springframework.kafka.KafkaListenerEndpointContainer#0-0-C-1] INFO  o.apache.kafka.clients.NetworkClient - [Consumer clientId=consumer-payment-service-4, groupId=payment-service] Cancelled in-flight FETCH request with correlation id 15298 due to node 0 being disconnected (elapsed time since creation: 34224237ms, elapsed time since send: 34224237ms, request timeout: 30000ms)
2024-09-19 06:22:07 [org.springframework.kafka.KafkaListenerEndpointContainer#0-0-C-1] INFO  o.a.k.clients.FetchSessionHandler - [Consumer clientId=consumer-payment-service-4, groupId=payment-service] Error sending fetch request (sessionId=1537618537, epoch=3271) to node 0:
org.apache.kafka.common.errors.DisconnectException: null
2024-09-19 06:22:07 [org.springframework.kafka.KafkaListenerEndpointContainer#0-dlt-0-C-1] INFO  o.apache.kafka.clients.NetworkClient - [Consumer clientId=consumer-payment-service-dlt-1, groupId=payment-service-dlt] Cancelled in-flight FETCH request with correlation id 15298 due to node 0 being disconnected (elapsed time since creation: 34224238ms, elapsed time since send: 34224237ms, request timeout: 30000ms)
2024-09-19 06:22:07 [org.springframework.kafka.KafkaListenerEndpointContainer#0-dlt-0-C-1] INFO  o.a.k.clients.FetchSessionHandler - [Consumer clientId=consumer-payment-service-dlt-1, groupId=payment-service-dlt] Error sending fetch request (sessionId=1660099618, epoch=3271) to node 0:
org.apache.kafka.common.errors.DisconnectException: null
2024-09-19 06:22:07 [kafka-coordinator-heartbeat-thread | payment-service] INFO  o.a.k.c.c.i.ConsumerCoordinator - [Consumer clientId=consumer-payment-service-4, groupId=payment-service] Group coordinator HP:9092 (id: 2147483647 rack: null) is unavailable or invalid due to cause: session timed out without receiving a heartbeat response. isDisconnected: false. Rediscovery will be attempted.
2024-09-19 06:22:07 [kafka-coordinator-heartbeat-thread | payment-service] INFO  o.a.k.c.c.i.ConsumerCoordinator - [Consumer clientId=consumer-payment-service-4, groupId=payment-service] Requesting disconnect from last known coordinator HP:9092 (id: 2147483647 rack: null)
2024-09-19 06:22:07 [kafka-coordinator-heartbeat-thread | payment-service] INFO  o.apache.kafka.clients.NetworkClient - [Consumer clientId=consumer-payment-service-4, groupId=payment-service] Client requested disconnect from node 2147483647
2024-09-19 06:22:07 [kafka-coordinator-heartbeat-thread | payment-service-dlt] INFO  o.a.k.c.c.i.ConsumerCoordinator - [Consumer clientId=consumer-payment-service-dlt-1, groupId=payment-service-dlt] Group coordinator HP:9092 (id: 2147483647 rack: null) is unavailable or invalid due to cause: session timed out without receiving a heartbeat response. isDisconnected: false. Rediscovery will be attempted.
2024-09-19 06:22:07 [kafka-coordinator-heartbeat-thread | payment-service-dlt] INFO  o.a.k.c.c.i.ConsumerCoordinator - [Consumer clientId=consumer-payment-service-dlt-1, groupId=payment-service-dlt] Requesting disconnect from last known coordinator HP:9092 (id: 2147483647 rack: null)
2024-09-19 06:22:07 [kafka-coordinator-heartbeat-thread | payment-service-dlt] INFO  o.apache.kafka.clients.NetworkClient - [Consumer clientId=consumer-payment-service-dlt-1, groupId=payment-service-dlt] Client requested disconnect from node 2147483647
2024-09-19 06:22:07 [org.springframework.kafka.KafkaListenerEndpointContainer#0-0-C-1] INFO  o.a.k.c.c.i.ConsumerCoordinator - [Consumer clientId=consumer-payment-service-4, groupId=payment-service] Discovered group coordinator HP:9092 (id: 2147483647 rack: null)
2024-09-19 06:22:07 [org.springframework.kafka.KafkaListenerEndpointContainer#0-retry-3000-0-C-1] INFO  o.a.k.c.c.i.ConsumerCoordinator - [Consumer clientId=consumer-payment-service-retry-3000-2, groupId=payment-service-retry-3000] Discovered group coordinator HP:9092 (id: 2147483647 rack: null)
2024-09-19 06:22:07 [org.springframework.kafka.KafkaListenerEndpointContainer#0-retry-6000-0-C-1] INFO  o.a.k.c.c.i.ConsumerCoordinator - [Consumer clientId=consumer-payment-service-retry-6000-3, groupId=payment-service-retry-6000] Discovered group coordinator HP:9092 (id: 2147483647 rack: null)
2024-09-19 06:22:07 [org.springframework.kafka.KafkaListenerEndpointContainer#0-dlt-0-C-1] INFO  o.a.k.c.c.i.ConsumerCoordinator - [Consumer clientId=consumer-payment-service-dlt-1, groupId=payment-service-dlt] Discovered group coordinator HP:9092 (id: 2147483647 rack: null)
2024-09-19 06:22:25 [AsyncResolver-bootstrap-executor-0] INFO  c.n.d.s.r.aws.ConfigClusterResolver - Resolving eureka endpoints via configuration
2024-09-19 06:27:25 [AsyncResolver-bootstrap-executor-0] INFO  c.n.d.s.r.aws.ConfigClusterResolver - Resolving eureka endpoints via configuration
2024-09-19 06:32:25 [AsyncResolver-bootstrap-executor-0] INFO  c.n.d.s.r.aws.ConfigClusterResolver - Resolving eureka endpoints via configuration
2024-09-19 06:37:25 [AsyncResolver-bootstrap-executor-0] INFO  c.n.d.s.r.aws.ConfigClusterResolver - Resolving eureka endpoints via configuration
2024-09-19 06:42:25 [AsyncResolver-bootstrap-executor-0] INFO  c.n.d.s.r.aws.ConfigClusterResolver - Resolving eureka endpoints via configuration
2024-09-19 06:47:25 [AsyncResolver-bootstrap-executor-0] INFO  c.n.d.s.r.aws.ConfigClusterResolver - Resolving eureka endpoints via configuration
2024-09-19 06:52:25 [AsyncResolver-bootstrap-executor-0] INFO  c.n.d.s.r.aws.ConfigClusterResolver - Resolving eureka endpoints via configuration
2024-09-19 06:57:27 [AsyncResolver-bootstrap-executor-0] INFO  c.n.d.s.r.aws.ConfigClusterResolver - Resolving eureka endpoints via configuration
2024-09-19 07:02:27 [AsyncResolver-bootstrap-executor-0] INFO  c.n.d.s.r.aws.ConfigClusterResolver - Resolving eureka endpoints via configuration
2024-09-19 07:07:27 [AsyncResolver-bootstrap-executor-0] INFO  c.n.d.s.r.aws.ConfigClusterResolver - Resolving eureka endpoints via configuration
2024-09-19 07:12:27 [AsyncResolver-bootstrap-executor-0] INFO  c.n.d.s.r.aws.ConfigClusterResolver - Resolving eureka endpoints via configuration
2024-09-19 07:17:27 [AsyncResolver-bootstrap-executor-0] INFO  c.n.d.s.r.aws.ConfigClusterResolver - Resolving eureka endpoints via configuration
2024-09-19 07:22:27 [AsyncResolver-bootstrap-executor-0] INFO  c.n.d.s.r.aws.ConfigClusterResolver - Resolving eureka endpoints via configuration
2024-09-19 08:55:38 [org.springframework.kafka.KafkaListenerEndpointContainer#0-0-C-1] INFO  o.apache.kafka.clients.NetworkClient - [Consumer clientId=consumer-payment-service-4, groupId=payment-service] Disconnecting from node 0 due to request timeout.
2024-09-19 08:55:38 [org.springframework.kafka.KafkaListenerEndpointContainer#0-retry-3000-0-C-1] INFO  o.apache.kafka.clients.NetworkClient - [Consumer clientId=consumer-payment-service-retry-3000-2, groupId=payment-service-retry-3000] Disconnecting from node 0 due to request timeout.
2024-09-19 08:55:38 [org.springframework.kafka.KafkaListenerEndpointContainer#0-retry-3000-0-C-1] INFO  o.apache.kafka.clients.NetworkClient - [Consumer clientId=consumer-payment-service-retry-3000-2, groupId=payment-service-retry-3000] Cancelled in-flight FETCH request with correlation id 24281 due to node 0 being disconnected (elapsed time since creation: 5357239ms, elapsed time since send: 5357239ms, request timeout: 30000ms)
2024-09-19 08:55:38 [org.springframework.kafka.KafkaListenerEndpointContainer#0-retry-3000-0-C-1] INFO  o.a.k.clients.FetchSessionHandler - [Consumer clientId=consumer-payment-service-retry-3000-2, groupId=payment-service-retry-3000] Error sending fetch request (sessionId=391811988, epoch=7681) to node 0:
org.apache.kafka.common.errors.DisconnectException: null
2024-09-19 08:55:38 [org.springframework.kafka.KafkaListenerEndpointContainer#0-0-C-1] INFO  o.apache.kafka.clients.NetworkClient - [Consumer clientId=consumer-payment-service-4, groupId=payment-service] Cancelled in-flight FETCH request with correlation id 24281 due to node 0 being disconnected (elapsed time since creation: 5357240ms, elapsed time since send: 5357240ms, request timeout: 30000ms)
2024-09-19 08:55:38 [kafka-coordinator-heartbeat-thread | payment-service-retry-3000] INFO  o.a.k.c.c.i.ConsumerCoordinator - [Consumer clientId=consumer-payment-service-retry-3000-2, groupId=payment-service-retry-3000] Group coordinator HP:9092 (id: 2147483647 rack: null) is unavailable or invalid due to cause: session timed out without receiving a heartbeat response. isDisconnected: false. Rediscovery will be attempted.
2024-09-19 08:55:38 [kafka-coordinator-heartbeat-thread | payment-service-retry-3000] INFO  o.a.k.c.c.i.ConsumerCoordinator - [Consumer clientId=consumer-payment-service-retry-3000-2, groupId=payment-service-retry-3000] Requesting disconnect from last known coordinator HP:9092 (id: 2147483647 rack: null)
2024-09-19 08:55:38 [kafka-coordinator-heartbeat-thread | payment-service-retry-3000] INFO  o.apache.kafka.clients.NetworkClient - [Consumer clientId=consumer-payment-service-retry-3000-2, groupId=payment-service-retry-3000] Client requested disconnect from node 2147483647
2024-09-19 08:55:38 [org.springframework.kafka.KafkaListenerEndpointContainer#0-dlt-0-C-1] INFO  o.apache.kafka.clients.NetworkClient - [Consumer clientId=consumer-payment-service-dlt-1, groupId=payment-service-dlt] Disconnecting from node 0 due to request timeout.
2024-09-19 08:55:38 [org.springframework.kafka.KafkaListenerEndpointContainer#0-dlt-0-C-1] INFO  o.apache.kafka.clients.NetworkClient - [Consumer clientId=consumer-payment-service-dlt-1, groupId=payment-service-dlt] Cancelled in-flight FETCH request with correlation id 24281 due to node 0 being disconnected (elapsed time since creation: 5357247ms, elapsed time since send: 5357247ms, request timeout: 30000ms)
2024-09-19 08:55:38 [org.springframework.kafka.KafkaListenerEndpointContainer#0-retry-6000-0-C-1] INFO  o.apache.kafka.clients.NetworkClient - [Consumer clientId=consumer-payment-service-retry-6000-3, groupId=payment-service-retry-6000] Disconnecting from node 0 due to request timeout.
2024-09-19 08:55:38 [org.springframework.kafka.KafkaListenerEndpointContainer#0-retry-6000-0-C-1] INFO  o.apache.kafka.clients.NetworkClient - [Consumer clientId=consumer-payment-service-retry-6000-3, groupId=payment-service-retry-6000] Cancelled in-flight FETCH request with correlation id 24281 due to node 0 being disconnected (elapsed time since creation: 5357247ms, elapsed time since send: 5357247ms, request timeout: 30000ms)
2024-09-19 08:55:38 [org.springframework.kafka.KafkaListenerEndpointContainer#0-retry-6000-0-C-1] INFO  o.a.k.clients.FetchSessionHandler - [Consumer clientId=consumer-payment-service-retry-6000-3, groupId=payment-service-retry-6000] Error sending fetch request (sessionId=657838206, epoch=7681) to node 0:
org.apache.kafka.common.errors.DisconnectException: null
2024-09-19 08:55:38 [org.springframework.kafka.KafkaListenerEndpointContainer#0-0-C-1] INFO  o.a.k.clients.FetchSessionHandler - [Consumer clientId=consumer-payment-service-4, groupId=payment-service] Error sending fetch request (sessionId=857676630, epoch=7681) to node 0:
org.apache.kafka.common.errors.DisconnectException: null
2024-09-19 08:55:38 [kafka-coordinator-heartbeat-thread | payment-service-retry-6000] INFO  o.a.k.c.c.i.ConsumerCoordinator - [Consumer clientId=consumer-payment-service-retry-6000-3, groupId=payment-service-retry-6000] Group coordinator HP:9092 (id: 2147483647 rack: null) is unavailable or invalid due to cause: session timed out without receiving a heartbeat response. isDisconnected: false. Rediscovery will be attempted.
2024-09-19 08:55:38 [kafka-coordinator-heartbeat-thread | payment-service-retry-6000] INFO  o.a.k.c.c.i.ConsumerCoordinator - [Consumer clientId=consumer-payment-service-retry-6000-3, groupId=payment-service-retry-6000] Requesting disconnect from last known coordinator HP:9092 (id: 2147483647 rack: null)
2024-09-19 08:55:38 [kafka-coordinator-heartbeat-thread | payment-service-retry-6000] INFO  o.apache.kafka.clients.NetworkClient - [Consumer clientId=consumer-payment-service-retry-6000-3, groupId=payment-service-retry-6000] Client requested disconnect from node 2147483647
2024-09-19 08:55:38 [kafka-coordinator-heartbeat-thread | payment-service] INFO  o.a.k.c.c.i.ConsumerCoordinator - [Consumer clientId=consumer-payment-service-4, groupId=payment-service] Group coordinator HP:9092 (id: 2147483647 rack: null) is unavailable or invalid due to cause: session timed out without receiving a heartbeat response. isDisconnected: false. Rediscovery will be attempted.
2024-09-19 08:55:38 [kafka-coordinator-heartbeat-thread | payment-service] INFO  o.a.k.c.c.i.ConsumerCoordinator - [Consumer clientId=consumer-payment-service-4, groupId=payment-service] Requesting disconnect from last known coordinator HP:9092 (id: 2147483647 rack: null)
2024-09-19 08:55:38 [kafka-coordinator-heartbeat-thread | payment-service] INFO  o.apache.kafka.clients.NetworkClient - [Consumer clientId=consumer-payment-service-4, groupId=payment-service] Client requested disconnect from node 2147483647
2024-09-19 08:55:38 [org.springframework.kafka.KafkaListenerEndpointContainer#0-dlt-0-C-1] INFO  o.a.k.clients.FetchSessionHandler - [Consumer clientId=consumer-payment-service-dlt-1, groupId=payment-service-dlt] Error sending fetch request (sessionId=48989753, epoch=7681) to node 0:
org.apache.kafka.common.errors.DisconnectException: null
2024-09-19 08:55:38 [kafka-coordinator-heartbeat-thread | payment-service-dlt] INFO  o.a.k.c.c.i.ConsumerCoordinator - [Consumer clientId=consumer-payment-service-dlt-1, groupId=payment-service-dlt] Group coordinator HP:9092 (id: 2147483647 rack: null) is unavailable or invalid due to cause: session timed out without receiving a heartbeat response. isDisconnected: false. Rediscovery will be attempted.
2024-09-19 08:55:38 [kafka-coordinator-heartbeat-thread | payment-service-dlt] INFO  o.a.k.c.c.i.ConsumerCoordinator - [Consumer clientId=consumer-payment-service-dlt-1, groupId=payment-service-dlt] Requesting disconnect from last known coordinator HP:9092 (id: 2147483647 rack: null)
2024-09-19 08:55:38 [kafka-coordinator-heartbeat-thread | payment-service-dlt] INFO  o.apache.kafka.clients.NetworkClient - [Consumer clientId=consumer-payment-service-dlt-1, groupId=payment-service-dlt] Client requested disconnect from node 2147483647
2024-09-19 08:55:38 [org.springframework.kafka.KafkaListenerEndpointContainer#0-dlt-0-C-1] INFO  o.a.k.c.c.i.ConsumerCoordinator - [Consumer clientId=consumer-payment-service-dlt-1, groupId=payment-service-dlt] Discovered group coordinator HP:9092 (id: 2147483647 rack: null)
2024-09-19 08:55:38 [org.springframework.kafka.KafkaListenerEndpointContainer#0-retry-3000-0-C-1] INFO  o.a.k.c.c.i.ConsumerCoordinator - [Consumer clientId=consumer-payment-service-retry-3000-2, groupId=payment-service-retry-3000] Discovered group coordinator HP:9092 (id: 2147483647 rack: null)
2024-09-19 08:55:38 [org.springframework.kafka.KafkaListenerEndpointContainer#0-retry-6000-0-C-1] INFO  o.a.k.c.c.i.ConsumerCoordinator - [Consumer clientId=consumer-payment-service-retry-6000-3, groupId=payment-service-retry-6000] Discovered group coordinator HP:9092 (id: 2147483647 rack: null)
2024-09-19 08:55:38 [org.springframework.kafka.KafkaListenerEndpointContainer#0-0-C-1] INFO  o.a.k.c.c.i.ConsumerCoordinator - [Consumer clientId=consumer-payment-service-4, groupId=payment-service] Discovered group coordinator HP:9092 (id: 2147483647 rack: null)
2024-09-19 08:56:42 [AsyncResolver-bootstrap-executor-0] INFO  c.n.d.s.r.aws.ConfigClusterResolver - Resolving eureka endpoints via configuration
2024-09-19 09:01:42 [AsyncResolver-bootstrap-executor-0] INFO  c.n.d.s.r.aws.ConfigClusterResolver - Resolving eureka endpoints via configuration
2024-09-19 09:06:42 [AsyncResolver-bootstrap-executor-0] INFO  c.n.d.s.r.aws.ConfigClusterResolver - Resolving eureka endpoints via configuration
2024-09-19 09:11:42 [AsyncResolver-bootstrap-executor-0] INFO  c.n.d.s.r.aws.ConfigClusterResolver - Resolving eureka endpoints via configuration
2024-09-19 09:16:42 [AsyncResolver-bootstrap-executor-0] INFO  c.n.d.s.r.aws.ConfigClusterResolver - Resolving eureka endpoints via configuration
2024-09-19 09:21:42 [AsyncResolver-bootstrap-executor-0] INFO  c.n.d.s.r.aws.ConfigClusterResolver - Resolving eureka endpoints via configuration
2024-09-19 09:26:42 [AsyncResolver-bootstrap-executor-0] INFO  c.n.d.s.r.aws.ConfigClusterResolver - Resolving eureka endpoints via configuration
2024-09-19 09:31:42 [AsyncResolver-bootstrap-executor-0] INFO  c.n.d.s.r.aws.ConfigClusterResolver - Resolving eureka endpoints via configuration
2024-09-19 09:36:42 [AsyncResolver-bootstrap-executor-0] INFO  c.n.d.s.r.aws.ConfigClusterResolver - Resolving eureka endpoints via configuration
2024-09-19 09:41:42 [AsyncResolver-bootstrap-executor-0] INFO  c.n.d.s.r.aws.ConfigClusterResolver - Resolving eureka endpoints via configuration
2024-09-19 09:46:42 [AsyncResolver-bootstrap-executor-0] INFO  c.n.d.s.r.aws.ConfigClusterResolver - Resolving eureka endpoints via configuration
2024-09-19 09:51:42 [AsyncResolver-bootstrap-executor-0] INFO  c.n.d.s.r.aws.ConfigClusterResolver - Resolving eureka endpoints via configuration
2024-09-19 09:56:42 [AsyncResolver-bootstrap-executor-0] INFO  c.n.d.s.r.aws.ConfigClusterResolver - Resolving eureka endpoints via configuration
2024-09-19 10:01:42 [AsyncResolver-bootstrap-executor-0] INFO  c.n.d.s.r.aws.ConfigClusterResolver - Resolving eureka endpoints via configuration
2024-09-19 10:06:42 [AsyncResolver-bootstrap-executor-0] INFO  c.n.d.s.r.aws.ConfigClusterResolver - Resolving eureka endpoints via configuration
2024-09-19 10:11:42 [AsyncResolver-bootstrap-executor-0] INFO  c.n.d.s.r.aws.ConfigClusterResolver - Resolving eureka endpoints via configuration
2024-09-19 10:16:42 [AsyncResolver-bootstrap-executor-0] INFO  c.n.d.s.r.aws.ConfigClusterResolver - Resolving eureka endpoints via configuration
2024-09-19 10:21:42 [AsyncResolver-bootstrap-executor-0] INFO  c.n.d.s.r.aws.ConfigClusterResolver - Resolving eureka endpoints via configuration
2024-09-19 10:22:45 [DiscoveryClient-HeartbeatExecutor-0] INFO  c.netflix.discovery.DiscoveryClient - DiscoveryClient_PAYMENT-SERVICE/PAYMENT-SERVICE:145335ec90b11db5ad5ba2343071ec4e - Re-registering apps/PAYMENT-SERVICE
2024-09-19 10:22:45 [DiscoveryClient-HeartbeatExecutor-0] INFO  c.netflix.discovery.DiscoveryClient - DiscoveryClient_PAYMENT-SERVICE/PAYMENT-SERVICE:145335ec90b11db5ad5ba2343071ec4e: registering service...
2024-09-19 10:22:45 [DiscoveryClient-HeartbeatExecutor-0] INFO  c.netflix.discovery.DiscoveryClient - DiscoveryClient_PAYMENT-SERVICE/PAYMENT-SERVICE:145335ec90b11db5ad5ba2343071ec4e - registration status: 204
2024-09-19 10:23:15 [DiscoveryClient-CacheRefreshExecutor-0] INFO  c.netflix.discovery.DiscoveryClient - Disable delta property : false
2024-09-19 10:23:15 [DiscoveryClient-CacheRefreshExecutor-0] INFO  c.netflix.discovery.DiscoveryClient - Single vip registry refresh property : null
2024-09-19 10:23:15 [DiscoveryClient-CacheRefreshExecutor-0] INFO  c.netflix.discovery.DiscoveryClient - Force full registry fetch : false
2024-09-19 10:23:15 [DiscoveryClient-CacheRefreshExecutor-0] INFO  c.netflix.discovery.DiscoveryClient - Application is null : false
2024-09-19 10:23:15 [DiscoveryClient-CacheRefreshExecutor-0] INFO  c.netflix.discovery.DiscoveryClient - Registered Applications size is zero : true
2024-09-19 10:23:15 [DiscoveryClient-CacheRefreshExecutor-0] INFO  c.netflix.discovery.DiscoveryClient - Application version is -1: false
2024-09-19 10:23:15 [DiscoveryClient-CacheRefreshExecutor-0] INFO  c.netflix.discovery.DiscoveryClient - Getting all instance registry info from the eureka server
2024-09-19 10:23:15 [DiscoveryClient-CacheRefreshExecutor-0] INFO  c.netflix.discovery.DiscoveryClient - The response status is 200
2024-09-19 10:26:42 [AsyncResolver-bootstrap-executor-0] INFO  c.n.d.s.r.aws.ConfigClusterResolver - Resolving eureka endpoints via configuration
2024-09-19 10:26:45 [DiscoveryClient-HeartbeatExecutor-0] INFO  c.netflix.discovery.DiscoveryClient - DiscoveryClient_PAYMENT-SERVICE/PAYMENT-SERVICE:145335ec90b11db5ad5ba2343071ec4e - Re-registering apps/PAYMENT-SERVICE
2024-09-19 10:26:45 [DiscoveryClient-HeartbeatExecutor-0] INFO  c.netflix.discovery.DiscoveryClient - DiscoveryClient_PAYMENT-SERVICE/PAYMENT-SERVICE:145335ec90b11db5ad5ba2343071ec4e: registering service...
2024-09-19 10:26:45 [DiscoveryClient-HeartbeatExecutor-0] INFO  c.netflix.discovery.DiscoveryClient - DiscoveryClient_PAYMENT-SERVICE/PAYMENT-SERVICE:145335ec90b11db5ad5ba2343071ec4e - registration status: 204
2024-09-19 10:27:15 [DiscoveryClient-CacheRefreshExecutor-0] INFO  c.netflix.discovery.DiscoveryClient - Disable delta property : false
2024-09-19 10:27:15 [DiscoveryClient-CacheRefreshExecutor-0] INFO  c.netflix.discovery.DiscoveryClient - Single vip registry refresh property : null
2024-09-19 10:27:15 [DiscoveryClient-CacheRefreshExecutor-0] INFO  c.netflix.discovery.DiscoveryClient - Force full registry fetch : false
2024-09-19 10:27:15 [DiscoveryClient-CacheRefreshExecutor-0] INFO  c.netflix.discovery.DiscoveryClient - Application is null : false
2024-09-19 10:27:15 [DiscoveryClient-CacheRefreshExecutor-0] INFO  c.netflix.discovery.DiscoveryClient - Registered Applications size is zero : true
2024-09-19 10:27:15 [DiscoveryClient-CacheRefreshExecutor-0] INFO  c.netflix.discovery.DiscoveryClient - Application version is -1: false
2024-09-19 10:27:15 [DiscoveryClient-CacheRefreshExecutor-0] INFO  c.netflix.discovery.DiscoveryClient - Getting all instance registry info from the eureka server
2024-09-19 10:27:15 [DiscoveryClient-CacheRefreshExecutor-0] INFO  c.netflix.discovery.DiscoveryClient - The response status is 200
2024-09-19 10:31:42 [AsyncResolver-bootstrap-executor-0] INFO  c.n.d.s.r.aws.ConfigClusterResolver - Resolving eureka endpoints via configuration
2024-09-19 10:36:42 [AsyncResolver-bootstrap-executor-0] INFO  c.n.d.s.r.aws.ConfigClusterResolver - Resolving eureka endpoints via configuration
2024-09-19 10:41:42 [AsyncResolver-bootstrap-executor-0] INFO  c.n.d.s.r.aws.ConfigClusterResolver - Resolving eureka endpoints via configuration
2024-09-19 10:46:42 [AsyncResolver-bootstrap-executor-0] INFO  c.n.d.s.r.aws.ConfigClusterResolver - Resolving eureka endpoints via configuration
2024-09-19 10:51:42 [AsyncResolver-bootstrap-executor-0] INFO  c.n.d.s.r.aws.ConfigClusterResolver - Resolving eureka endpoints via configuration
2024-09-19 10:56:42 [AsyncResolver-bootstrap-executor-0] INFO  c.n.d.s.r.aws.ConfigClusterResolver - Resolving eureka endpoints via configuration
2024-09-19 11:01:42 [AsyncResolver-bootstrap-executor-0] INFO  c.n.d.s.r.aws.ConfigClusterResolver - Resolving eureka endpoints via configuration
2024-09-19 11:06:42 [AsyncResolver-bootstrap-executor-0] INFO  c.n.d.s.r.aws.ConfigClusterResolver - Resolving eureka endpoints via configuration
2024-09-19 11:11:42 [AsyncResolver-bootstrap-executor-0] INFO  c.n.d.s.r.aws.ConfigClusterResolver - Resolving eureka endpoints via configuration
2024-09-19 11:16:42 [AsyncResolver-bootstrap-executor-0] INFO  c.n.d.s.r.aws.ConfigClusterResolver - Resolving eureka endpoints via configuration
2024-09-19 11:21:42 [AsyncResolver-bootstrap-executor-0] INFO  c.n.d.s.r.aws.ConfigClusterResolver - Resolving eureka endpoints via configuration
2024-09-19 11:26:42 [AsyncResolver-bootstrap-executor-0] INFO  c.n.d.s.r.aws.ConfigClusterResolver - Resolving eureka endpoints via configuration
2024-09-19 11:31:42 [AsyncResolver-bootstrap-executor-0] INFO  c.n.d.s.r.aws.ConfigClusterResolver - Resolving eureka endpoints via configuration
2024-09-19 11:36:42 [AsyncResolver-bootstrap-executor-0] INFO  c.n.d.s.r.aws.ConfigClusterResolver - Resolving eureka endpoints via configuration
2024-09-19 11:41:42 [AsyncResolver-bootstrap-executor-0] INFO  c.n.d.s.r.aws.ConfigClusterResolver - Resolving eureka endpoints via configuration
2024-09-19 11:46:42 [AsyncResolver-bootstrap-executor-0] INFO  c.n.d.s.r.aws.ConfigClusterResolver - Resolving eureka endpoints via configuration
2024-09-19 11:51:42 [AsyncResolver-bootstrap-executor-0] INFO  c.n.d.s.r.aws.ConfigClusterResolver - Resolving eureka endpoints via configuration
2024-09-19 11:56:42 [AsyncResolver-bootstrap-executor-0] INFO  c.n.d.s.r.aws.ConfigClusterResolver - Resolving eureka endpoints via configuration
2024-09-19 12:01:42 [AsyncResolver-bootstrap-executor-0] INFO  c.n.d.s.r.aws.ConfigClusterResolver - Resolving eureka endpoints via configuration
2024-09-19 12:06:42 [AsyncResolver-bootstrap-executor-0] INFO  c.n.d.s.r.aws.ConfigClusterResolver - Resolving eureka endpoints via configuration
2024-09-19 12:11:42 [AsyncResolver-bootstrap-executor-0] INFO  c.n.d.s.r.aws.ConfigClusterResolver - Resolving eureka endpoints via configuration
2024-09-19 12:16:42 [AsyncResolver-bootstrap-executor-0] INFO  c.n.d.s.r.aws.ConfigClusterResolver - Resolving eureka endpoints via configuration
2024-09-19 12:21:42 [AsyncResolver-bootstrap-executor-0] INFO  c.n.d.s.r.aws.ConfigClusterResolver - Resolving eureka endpoints via configuration
2024-09-19 12:26:42 [AsyncResolver-bootstrap-executor-0] INFO  c.n.d.s.r.aws.ConfigClusterResolver - Resolving eureka endpoints via configuration
2024-09-19 12:31:42 [AsyncResolver-bootstrap-executor-0] INFO  c.n.d.s.r.aws.ConfigClusterResolver - Resolving eureka endpoints via configuration
2024-09-19 12:36:42 [AsyncResolver-bootstrap-executor-0] INFO  c.n.d.s.r.aws.ConfigClusterResolver - Resolving eureka endpoints via configuration
2024-09-19 12:41:42 [AsyncResolver-bootstrap-executor-0] INFO  c.n.d.s.r.aws.ConfigClusterResolver - Resolving eureka endpoints via configuration
2024-09-19 12:46:42 [AsyncResolver-bootstrap-executor-0] INFO  c.n.d.s.r.aws.ConfigClusterResolver - Resolving eureka endpoints via configuration
2024-09-19 12:51:42 [AsyncResolver-bootstrap-executor-0] INFO  c.n.d.s.r.aws.ConfigClusterResolver - Resolving eureka endpoints via configuration
2024-09-19 12:56:42 [AsyncResolver-bootstrap-executor-0] INFO  c.n.d.s.r.aws.ConfigClusterResolver - Resolving eureka endpoints via configuration
2024-09-19 13:01:42 [AsyncResolver-bootstrap-executor-0] INFO  c.n.d.s.r.aws.ConfigClusterResolver - Resolving eureka endpoints via configuration
2024-09-19 13:06:42 [AsyncResolver-bootstrap-executor-0] INFO  c.n.d.s.r.aws.ConfigClusterResolver - Resolving eureka endpoints via configuration
2024-09-19 13:11:42 [AsyncResolver-bootstrap-executor-0] INFO  c.n.d.s.r.aws.ConfigClusterResolver - Resolving eureka endpoints via configuration
2024-09-19 13:16:42 [AsyncResolver-bootstrap-executor-0] INFO  c.n.d.s.r.aws.ConfigClusterResolver - Resolving eureka endpoints via configuration
2024-09-19 13:21:42 [AsyncResolver-bootstrap-executor-0] INFO  c.n.d.s.r.aws.ConfigClusterResolver - Resolving eureka endpoints via configuration
2024-09-19 13:26:42 [AsyncResolver-bootstrap-executor-0] INFO  c.n.d.s.r.aws.ConfigClusterResolver - Resolving eureka endpoints via configuration
2024-09-19 13:31:42 [AsyncResolver-bootstrap-executor-0] INFO  c.n.d.s.r.aws.ConfigClusterResolver - Resolving eureka endpoints via configuration
2024-09-19 13:36:42 [AsyncResolver-bootstrap-executor-0] INFO  c.n.d.s.r.aws.ConfigClusterResolver - Resolving eureka endpoints via configuration
2024-09-19 13:41:42 [AsyncResolver-bootstrap-executor-0] INFO  c.n.d.s.r.aws.ConfigClusterResolver - Resolving eureka endpoints via configuration
2024-09-19 13:46:42 [AsyncResolver-bootstrap-executor-0] INFO  c.n.d.s.r.aws.ConfigClusterResolver - Resolving eureka endpoints via configuration
2024-09-19 13:51:42 [AsyncResolver-bootstrap-executor-0] INFO  c.n.d.s.r.aws.ConfigClusterResolver - Resolving eureka endpoints via configuration
2024-09-19 13:56:42 [AsyncResolver-bootstrap-executor-0] INFO  c.n.d.s.r.aws.ConfigClusterResolver - Resolving eureka endpoints via configuration
2024-09-19 14:01:42 [AsyncResolver-bootstrap-executor-0] INFO  c.n.d.s.r.aws.ConfigClusterResolver - Resolving eureka endpoints via configuration
2024-09-19 14:06:42 [AsyncResolver-bootstrap-executor-0] INFO  c.n.d.s.r.aws.ConfigClusterResolver - Resolving eureka endpoints via configuration
2024-09-19 14:11:42 [AsyncResolver-bootstrap-executor-0] INFO  c.n.d.s.r.aws.ConfigClusterResolver - Resolving eureka endpoints via configuration
2024-09-19 14:16:42 [AsyncResolver-bootstrap-executor-0] INFO  c.n.d.s.r.aws.ConfigClusterResolver - Resolving eureka endpoints via configuration
2024-09-19 14:21:42 [AsyncResolver-bootstrap-executor-0] INFO  c.n.d.s.r.aws.ConfigClusterResolver - Resolving eureka endpoints via configuration
2024-09-19 14:26:42 [AsyncResolver-bootstrap-executor-0] INFO  c.n.d.s.r.aws.ConfigClusterResolver - Resolving eureka endpoints via configuration
2024-09-19 14:31:42 [AsyncResolver-bootstrap-executor-0] INFO  c.n.d.s.r.aws.ConfigClusterResolver - Resolving eureka endpoints via configuration
2024-09-19 14:36:42 [AsyncResolver-bootstrap-executor-0] INFO  c.n.d.s.r.aws.ConfigClusterResolver - Resolving eureka endpoints via configuration
2024-09-19 14:41:42 [AsyncResolver-bootstrap-executor-0] INFO  c.n.d.s.r.aws.ConfigClusterResolver - Resolving eureka endpoints via configuration
2024-09-19 14:46:42 [AsyncResolver-bootstrap-executor-0] INFO  c.n.d.s.r.aws.ConfigClusterResolver - Resolving eureka endpoints via configuration
2024-09-19 14:51:42 [AsyncResolver-bootstrap-executor-0] INFO  c.n.d.s.r.aws.ConfigClusterResolver - Resolving eureka endpoints via configuration
2024-09-19 14:56:42 [AsyncResolver-bootstrap-executor-0] INFO  c.n.d.s.r.aws.ConfigClusterResolver - Resolving eureka endpoints via configuration
2024-09-19 15:01:42 [AsyncResolver-bootstrap-executor-0] INFO  c.n.d.s.r.aws.ConfigClusterResolver - Resolving eureka endpoints via configuration
2024-09-19 15:06:42 [AsyncResolver-bootstrap-executor-0] INFO  c.n.d.s.r.aws.ConfigClusterResolver - Resolving eureka endpoints via configuration
2024-09-19 15:11:42 [AsyncResolver-bootstrap-executor-0] INFO  c.n.d.s.r.aws.ConfigClusterResolver - Resolving eureka endpoints via configuration
2024-09-19 15:14:20 [SpringApplicationShutdownHook] INFO  o.s.c.n.e.s.EurekaServiceRegistry - Unregistering application PAYMENT-SERVICE with eureka with status DOWN
2024-09-19 15:14:20 [SpringApplicationShutdownHook] INFO  c.netflix.discovery.DiscoveryClient - Saw local status change event StatusChangeEvent [timestamp=1726748060322, current=DOWN, previous=UP]
2024-09-19 15:14:20 [DiscoveryClient-InstanceInfoReplicator-0] INFO  c.netflix.discovery.DiscoveryClient - DiscoveryClient_PAYMENT-SERVICE/PAYMENT-SERVICE:145335ec90b11db5ad5ba2343071ec4e: registering service...
2024-09-19 15:14:20 [DiscoveryClient-InstanceInfoReplicator-0] INFO  c.netflix.discovery.DiscoveryClient - DiscoveryClient_PAYMENT-SERVICE/PAYMENT-SERVICE:145335ec90b11db5ad5ba2343071ec4e - registration status: 204
2024-09-19 15:14:20 [org.springframework.kafka.KafkaListenerEndpointContainer#0-dlt-0-C-1] INFO  o.apache.kafka.clients.NetworkClient - [Consumer clientId=consumer-payment-service-dlt-1, groupId=payment-service-dlt] Node 0 disconnected.
2024-09-19 15:14:20 [org.springframework.kafka.KafkaListenerEndpointContainer#0-0-C-1] INFO  o.apache.kafka.clients.NetworkClient - [Consumer clientId=consumer-payment-service-4, groupId=payment-service] Node 0 disconnected.
2024-09-19 15:14:20 [org.springframework.kafka.KafkaListenerEndpointContainer#0-retry-3000-0-C-1] INFO  o.apache.kafka.clients.NetworkClient - [Consumer clientId=consumer-payment-service-retry-3000-2, groupId=payment-service-retry-3000] Node 0 disconnected.
2024-09-19 15:14:20 [org.springframework.kafka.KafkaListenerEndpointContainer#0-retry-3000-0-C-1] INFO  o.apache.kafka.clients.NetworkClient - [Consumer clientId=consumer-payment-service-retry-3000-2, groupId=payment-service-retry-3000] Cancelled in-flight FETCH request with correlation id 77228 due to node 0 being disconnected (elapsed time since creation: 378ms, elapsed time since send: 378ms, request timeout: 30000ms)
2024-09-19 15:14:20 [org.springframework.kafka.KafkaListenerEndpointContainer#0-retry-3000-0-C-1] INFO  o.a.k.clients.FetchSessionHandler - [Consumer clientId=consumer-payment-service-retry-3000-2, groupId=payment-service-retry-3000] Error sending fetch request (sessionId=2038974656, epoch=45294) to node 0:
org.apache.kafka.common.errors.DisconnectException: null
2024-09-19 15:14:20 [org.springframework.kafka.KafkaListenerEndpointContainer#0-dlt-0-C-1] INFO  o.apache.kafka.clients.NetworkClient - [Consumer clientId=consumer-payment-service-dlt-1, groupId=payment-service-dlt] Cancelled in-flight FETCH request with correlation id 77229 due to node 0 being disconnected (elapsed time since creation: 375ms, elapsed time since send: 375ms, request timeout: 30000ms)
2024-09-19 15:14:20 [org.springframework.kafka.KafkaListenerEndpointContainer#0-0-C-1] INFO  o.apache.kafka.clients.NetworkClient - [Consumer clientId=consumer-payment-service-4, groupId=payment-service] Cancelled in-flight FETCH request with correlation id 77229 due to node 0 being disconnected (elapsed time since creation: 378ms, elapsed time since send: 378ms, request timeout: 30000ms)
2024-09-19 15:14:20 [org.springframework.kafka.KafkaListenerEndpointContainer#0-dlt-0-C-1] INFO  o.a.k.clients.FetchSessionHandler - [Consumer clientId=consumer-payment-service-dlt-1, groupId=payment-service-dlt] Error sending fetch request (sessionId=1601596700, epoch=45294) to node 0:
org.apache.kafka.common.errors.DisconnectException: null
2024-09-19 15:14:20 [org.springframework.kafka.KafkaListenerEndpointContainer#0-0-C-1] INFO  o.a.k.clients.FetchSessionHandler - [Consumer clientId=consumer-payment-service-4, groupId=payment-service] Error sending fetch request (sessionId=1856231541, epoch=45294) to node 0:
org.apache.kafka.common.errors.DisconnectException: null
2024-09-19 15:14:20 [org.springframework.kafka.KafkaListenerEndpointContainer#0-retry-3000-0-C-1] INFO  o.apache.kafka.clients.NetworkClient - [Consumer clientId=consumer-payment-service-retry-3000-2, groupId=payment-service-retry-3000] Node 2147483647 disconnected.
2024-09-19 15:14:20 [org.springframework.kafka.KafkaListenerEndpointContainer#0-dlt-0-C-1] INFO  o.apache.kafka.clients.NetworkClient - [Consumer clientId=consumer-payment-service-dlt-1, groupId=payment-service-dlt] Node 2147483647 disconnected.
2024-09-19 15:14:20 [org.springframework.kafka.KafkaListenerEndpointContainer#0-0-C-1] INFO  o.apache.kafka.clients.NetworkClient - [Consumer clientId=consumer-payment-service-4, groupId=payment-service] Node 2147483647 disconnected.
2024-09-19 15:14:20 [org.springframework.kafka.KafkaListenerEndpointContainer#0-retry-6000-0-C-1] INFO  o.apache.kafka.clients.NetworkClient - [Consumer clientId=consumer-payment-service-retry-6000-3, groupId=payment-service-retry-6000] Node 0 disconnected.
2024-09-19 15:14:20 [org.springframework.kafka.KafkaListenerEndpointContainer#0-retry-6000-0-C-1] INFO  o.apache.kafka.clients.NetworkClient - [Consumer clientId=consumer-payment-service-retry-6000-3, groupId=payment-service-retry-6000] Cancelled in-flight FETCH request with correlation id 77228 due to node 0 being disconnected (elapsed time since creation: 391ms, elapsed time since send: 391ms, request timeout: 30000ms)
2024-09-19 15:14:20 [org.springframework.kafka.KafkaListenerEndpointContainer#0-retry-6000-0-C-1] INFO  o.a.k.clients.FetchSessionHandler - [Consumer clientId=consumer-payment-service-retry-6000-3, groupId=payment-service-retry-6000] Error sending fetch request (sessionId=1097291039, epoch=45294) to node 0:
org.apache.kafka.common.errors.DisconnectException: null
2024-09-19 15:14:20 [kafka-coordinator-heartbeat-thread | payment-service-retry-6000] INFO  o.apache.kafka.clients.NetworkClient - [Consumer clientId=consumer-payment-service-retry-6000-3, groupId=payment-service-retry-6000] Node 2147483647 disconnected.
2024-09-19 15:14:20 [org.springframework.kafka.KafkaListenerEndpointContainer#0-0-C-1] INFO  o.a.k.c.c.i.ConsumerCoordinator - [Consumer clientId=consumer-payment-service-4, groupId=payment-service] Group coordinator HP:9092 (id: 2147483647 rack: null) is unavailable or invalid due to cause: coordinator unavailable. isDisconnected: true. Rediscovery will be attempted.
2024-09-19 15:14:20 [kafka-coordinator-heartbeat-thread | payment-service-retry-6000] INFO  o.a.k.c.c.i.ConsumerCoordinator - [Consumer clientId=consumer-payment-service-retry-6000-3, groupId=payment-service-retry-6000] Group coordinator HP:9092 (id: 2147483647 rack: null) is unavailable or invalid due to cause: coordinator unavailable. isDisconnected: true. Rediscovery will be attempted.
2024-09-19 15:14:20 [org.springframework.kafka.KafkaListenerEndpointContainer#0-0-C-1] INFO  o.a.k.c.c.i.ConsumerCoordinator - [Consumer clientId=consumer-payment-service-4, groupId=payment-service] Revoke previously assigned partitions order-topic-0, order-topic-1, order-topic-2
2024-09-19 15:14:20 [org.springframework.kafka.KafkaListenerEndpointContainer#0-dlt-0-C-1] INFO  o.a.k.c.c.i.ConsumerCoordinator - [Consumer clientId=consumer-payment-service-dlt-1, groupId=payment-service-dlt] Revoke previously assigned partitions order-topic-dlt-0
2024-09-19 15:14:20 [org.springframework.kafka.KafkaListenerEndpointContainer#0-retry-3000-0-C-1] INFO  o.a.k.c.c.i.ConsumerCoordinator - [Consumer clientId=consumer-payment-service-retry-3000-2, groupId=payment-service-retry-3000] Revoke previously assigned partitions order-topic-retry-3000-0
2024-09-19 15:14:20 [org.springframework.kafka.KafkaListenerEndpointContainer#0-retry-6000-0-C-1] INFO  o.a.k.c.c.i.ConsumerCoordinator - [Consumer clientId=consumer-payment-service-retry-6000-3, groupId=payment-service-retry-6000] Revoke previously assigned partitions order-topic-retry-6000-0
2024-09-19 15:14:20 [org.springframework.kafka.KafkaListenerEndpointContainer#0-dlt-0-C-1] INFO  o.s.k.l.KafkaMessageListenerContainer - payment-service-dlt: partitions revoked: [order-topic-dlt-0]
2024-09-19 15:14:20 [org.springframework.kafka.KafkaListenerEndpointContainer#0-dlt-0-C-1] INFO  o.a.k.c.c.i.ConsumerCoordinator - [Consumer clientId=consumer-payment-service-dlt-1, groupId=payment-service-dlt] Group coordinator HP:9092 (id: 2147483647 rack: null) is unavailable or invalid due to cause: coordinator unavailable. isDisconnected: true. Rediscovery will be attempted.
2024-09-19 15:14:20 [org.springframework.kafka.KafkaListenerEndpointContainer#0-dlt-0-C-1] INFO  o.a.k.c.c.i.ConsumerCoordinator - [Consumer clientId=consumer-payment-service-dlt-1, groupId=payment-service-dlt] Resetting generation and member id due to: consumer pro-actively leaving the group
2024-09-19 15:14:20 [org.springframework.kafka.KafkaListenerEndpointContainer#0-dlt-0-C-1] INFO  o.a.k.c.c.i.ConsumerCoordinator - [Consumer clientId=consumer-payment-service-dlt-1, groupId=payment-service-dlt] Request joining group due to: consumer pro-actively leaving the group
2024-09-19 15:14:20 [org.springframework.kafka.KafkaListenerEndpointContainer#0-dlt-0-C-1] INFO  o.s.k.c.DefaultKafkaConsumerFactory$ExtendedKafkaConsumer - [Consumer clientId=consumer-payment-service-dlt-1, groupId=payment-service-dlt] Unsubscribed all topics or patterns and assigned partitions
2024-09-19 15:14:20 [org.springframework.kafka.KafkaListenerEndpointContainer#0-retry-3000-0-C-1] INFO  o.s.k.l.KafkaMessageListenerContainer - payment-service-retry-3000: partitions revoked: [order-topic-retry-3000-0]
2024-09-19 15:14:20 [org.springframework.kafka.KafkaListenerEndpointContainer#0-retry-3000-0-C-1] INFO  o.a.k.c.c.i.ConsumerCoordinator - [Consumer clientId=consumer-payment-service-retry-3000-2, groupId=payment-service-retry-3000] Group coordinator HP:9092 (id: 2147483647 rack: null) is unavailable or invalid due to cause: coordinator unavailable. isDisconnected: true. Rediscovery will be attempted.
2024-09-19 15:14:20 [org.springframework.kafka.KafkaListenerEndpointContainer#0-retry-3000-0-C-1] INFO  o.a.k.c.c.i.ConsumerCoordinator - [Consumer clientId=consumer-payment-service-retry-3000-2, groupId=payment-service-retry-3000] Resetting generation and member id due to: consumer pro-actively leaving the group
2024-09-19 15:14:20 [org.springframework.kafka.KafkaListenerEndpointContainer#0-retry-3000-0-C-1] INFO  o.a.k.c.c.i.ConsumerCoordinator - [Consumer clientId=consumer-payment-service-retry-3000-2, groupId=payment-service-retry-3000] Request joining group due to: consumer pro-actively leaving the group
2024-09-19 15:14:20 [org.springframework.kafka.KafkaListenerEndpointContainer#0-retry-3000-0-C-1] INFO  o.s.k.c.DefaultKafkaConsumerFactory$ExtendedKafkaConsumer - [Consumer clientId=consumer-payment-service-retry-3000-2, groupId=payment-service-retry-3000] Unsubscribed all topics or patterns and assigned partitions
2024-09-19 15:14:20 [org.springframework.kafka.KafkaListenerEndpointContainer#0-0-C-1] INFO  o.s.k.l.KafkaMessageListenerContainer - payment-service: partitions revoked: [order-topic-0, order-topic-1, order-topic-2]
2024-09-19 15:14:20 [org.springframework.kafka.KafkaListenerEndpointContainer#0-retry-6000-0-C-1] INFO  o.s.k.l.KafkaMessageListenerContainer - payment-service-retry-6000: partitions revoked: [order-topic-retry-6000-0]
2024-09-19 15:14:20 [org.springframework.kafka.KafkaListenerEndpointContainer#0-0-C-1] INFO  o.a.k.c.c.i.ConsumerCoordinator - [Consumer clientId=consumer-payment-service-4, groupId=payment-service] Resetting generation and member id due to: consumer pro-actively leaving the group
2024-09-19 15:14:20 [org.springframework.kafka.KafkaListenerEndpointContainer#0-0-C-1] INFO  o.a.k.c.c.i.ConsumerCoordinator - [Consumer clientId=consumer-payment-service-4, groupId=payment-service] Request joining group due to: consumer pro-actively leaving the group
2024-09-19 15:14:20 [org.springframework.kafka.KafkaListenerEndpointContainer#0-0-C-1] INFO  o.s.k.c.DefaultKafkaConsumerFactory$ExtendedKafkaConsumer - [Consumer clientId=consumer-payment-service-4, groupId=payment-service] Unsubscribed all topics or patterns and assigned partitions
2024-09-19 15:14:20 [org.springframework.kafka.KafkaListenerEndpointContainer#0-retry-6000-0-C-1] INFO  o.a.k.c.c.i.ConsumerCoordinator - [Consumer clientId=consumer-payment-service-retry-6000-3, groupId=payment-service-retry-6000] Resetting generation and member id due to: consumer pro-actively leaving the group
2024-09-19 15:14:20 [org.springframework.kafka.KafkaListenerEndpointContainer#0-retry-6000-0-C-1] INFO  o.a.k.c.c.i.ConsumerCoordinator - [Consumer clientId=consumer-payment-service-retry-6000-3, groupId=payment-service-retry-6000] Request joining group due to: consumer pro-actively leaving the group
2024-09-19 15:14:20 [org.springframework.kafka.KafkaListenerEndpointContainer#0-retry-6000-0-C-1] INFO  o.s.k.c.DefaultKafkaConsumerFactory$ExtendedKafkaConsumer - [Consumer clientId=consumer-payment-service-retry-6000-3, groupId=payment-service-retry-6000] Unsubscribed all topics or patterns and assigned partitions
2024-09-19 15:14:20 [org.springframework.kafka.KafkaListenerEndpointContainer#0-0-C-1] INFO  o.a.k.c.c.i.ConsumerCoordinator - [Consumer clientId=consumer-payment-service-4, groupId=payment-service] Resetting generation and member id due to: consumer pro-actively leaving the group
2024-09-19 15:14:20 [org.springframework.kafka.KafkaListenerEndpointContainer#0-0-C-1] INFO  o.a.k.c.c.i.ConsumerCoordinator - [Consumer clientId=consumer-payment-service-4, groupId=payment-service] Request joining group due to: consumer pro-actively leaving the group
2024-09-19 15:14:20 [org.springframework.kafka.KafkaListenerEndpointContainer#0-dlt-0-C-1] INFO  o.a.k.c.c.i.ConsumerCoordinator - [Consumer clientId=consumer-payment-service-dlt-1, groupId=payment-service-dlt] Resetting generation and member id due to: consumer pro-actively leaving the group
2024-09-19 15:14:20 [org.springframework.kafka.KafkaListenerEndpointContainer#0-retry-6000-0-C-1] INFO  o.a.k.c.c.i.ConsumerCoordinator - [Consumer clientId=consumer-payment-service-retry-6000-3, groupId=payment-service-retry-6000] Resetting generation and member id due to: consumer pro-actively leaving the group
2024-09-19 15:14:20 [org.springframework.kafka.KafkaListenerEndpointContainer#0-retry-3000-0-C-1] INFO  o.a.k.c.c.i.ConsumerCoordinator - [Consumer clientId=consumer-payment-service-retry-3000-2, groupId=payment-service-retry-3000] Resetting generation and member id due to: consumer pro-actively leaving the group
2024-09-19 15:14:20 [org.springframework.kafka.KafkaListenerEndpointContainer#0-dlt-0-C-1] INFO  o.a.k.c.c.i.ConsumerCoordinator - [Consumer clientId=consumer-payment-service-dlt-1, groupId=payment-service-dlt] Request joining group due to: consumer pro-actively leaving the group
2024-09-19 15:14:20 [org.springframework.kafka.KafkaListenerEndpointContainer#0-retry-6000-0-C-1] INFO  o.a.k.c.c.i.ConsumerCoordinator - [Consumer clientId=consumer-payment-service-retry-6000-3, groupId=payment-service-retry-6000] Request joining group due to: consumer pro-actively leaving the group
2024-09-19 15:14:20 [org.springframework.kafka.KafkaListenerEndpointContainer#0-retry-3000-0-C-1] INFO  o.a.k.c.c.i.ConsumerCoordinator - [Consumer clientId=consumer-payment-service-retry-3000-2, groupId=payment-service-retry-3000] Request joining group due to: consumer pro-actively leaving the group
2024-09-19 15:14:20 [org.springframework.kafka.KafkaListenerEndpointContainer#0-dlt-0-C-1] INFO  o.apache.kafka.clients.NetworkClient - [Consumer clientId=consumer-payment-service-dlt-1, groupId=payment-service-dlt] Node 0 disconnected.
2024-09-19 15:14:20 [org.springframework.kafka.KafkaListenerEndpointContainer#0-dlt-0-C-1] WARN  o.apache.kafka.clients.NetworkClient - [Consumer clientId=consumer-payment-service-dlt-1, groupId=payment-service-dlt] Connection to node 0 (HP/172.16.16.63:9092) could not be established. Broker may not be available.
2024-09-19 15:14:20 [org.springframework.kafka.KafkaListenerEndpointContainer#0-retry-3000-0-C-1] INFO  o.a.kafka.common.metrics.Metrics - Metrics scheduler closed
2024-09-19 15:14:20 [org.springframework.kafka.KafkaListenerEndpointContainer#0-retry-3000-0-C-1] INFO  o.a.kafka.common.metrics.Metrics - Closing reporter org.apache.kafka.common.metrics.JmxReporter
2024-09-19 15:14:20 [org.springframework.kafka.KafkaListenerEndpointContainer#0-retry-3000-0-C-1] INFO  o.a.kafka.common.metrics.Metrics - Metrics reporters closed
2024-09-19 15:14:20 [org.springframework.kafka.KafkaListenerEndpointContainer#0-dlt-0-C-1] INFO  o.a.kafka.common.metrics.Metrics - Metrics scheduler closed
2024-09-19 15:14:20 [org.springframework.kafka.KafkaListenerEndpointContainer#0-dlt-0-C-1] INFO  o.a.kafka.common.metrics.Metrics - Closing reporter org.apache.kafka.common.metrics.JmxReporter
2024-09-19 15:14:20 [org.springframework.kafka.KafkaListenerEndpointContainer#0-dlt-0-C-1] INFO  o.a.kafka.common.metrics.Metrics - Metrics reporters closed
2024-09-19 15:14:20 [org.springframework.kafka.KafkaListenerEndpointContainer#0-0-C-1] INFO  o.apache.kafka.clients.NetworkClient - [Consumer clientId=consumer-payment-service-4, groupId=payment-service] Node 0 disconnected.
2024-09-19 15:14:20 [org.springframework.kafka.KafkaListenerEndpointContainer#0-retry-6000-0-C-1] INFO  o.apache.kafka.clients.NetworkClient - [Consumer clientId=consumer-payment-service-retry-6000-3, groupId=payment-service-retry-6000] Node 0 disconnected.
2024-09-19 15:14:20 [org.springframework.kafka.KafkaListenerEndpointContainer#0-0-C-1] WARN  o.apache.kafka.clients.NetworkClient - [Consumer clientId=consumer-payment-service-4, groupId=payment-service] Connection to node 0 (HP/172.16.16.63:9092) could not be established. Broker may not be available.
2024-09-19 15:14:20 [org.springframework.kafka.KafkaListenerEndpointContainer#0-retry-6000-0-C-1] WARN  o.apache.kafka.clients.NetworkClient - [Consumer clientId=consumer-payment-service-retry-6000-3, groupId=payment-service-retry-6000] Connection to node 0 (HP/172.16.16.63:9092) could not be established. Broker may not be available.
2024-09-19 15:14:20 [org.springframework.kafka.KafkaListenerEndpointContainer#0-0-C-1] INFO  o.a.kafka.common.metrics.Metrics - Metrics scheduler closed
2024-09-19 15:14:20 [org.springframework.kafka.KafkaListenerEndpointContainer#0-0-C-1] INFO  o.a.kafka.common.metrics.Metrics - Closing reporter org.apache.kafka.common.metrics.JmxReporter
2024-09-19 15:14:20 [org.springframework.kafka.KafkaListenerEndpointContainer#0-0-C-1] INFO  o.a.kafka.common.metrics.Metrics - Metrics reporters closed
2024-09-19 15:14:20 [org.springframework.kafka.KafkaListenerEndpointContainer#0-retry-6000-0-C-1] INFO  o.a.kafka.common.metrics.Metrics - Metrics scheduler closed
2024-09-19 15:14:20 [org.springframework.kafka.KafkaListenerEndpointContainer#0-retry-6000-0-C-1] INFO  o.a.kafka.common.metrics.Metrics - Closing reporter org.apache.kafka.common.metrics.JmxReporter
2024-09-19 15:14:20 [org.springframework.kafka.KafkaListenerEndpointContainer#0-retry-6000-0-C-1] INFO  o.a.kafka.common.metrics.Metrics - Metrics reporters closed
2024-09-19 15:14:20 [org.springframework.kafka.KafkaListenerEndpointContainer#0-retry-3000-0-C-1] INFO  o.a.kafka.common.utils.AppInfoParser - App info kafka.consumer for consumer-payment-service-retry-3000-2 unregistered
2024-09-19 15:14:20 [org.springframework.kafka.KafkaListenerEndpointContainer#0-retry-6000-0-C-1] INFO  o.a.kafka.common.utils.AppInfoParser - App info kafka.consumer for consumer-payment-service-retry-6000-3 unregistered
2024-09-19 15:14:20 [org.springframework.kafka.KafkaListenerEndpointContainer#0-0-C-1] INFO  o.a.kafka.common.utils.AppInfoParser - App info kafka.consumer for consumer-payment-service-4 unregistered
2024-09-19 15:14:20 [org.springframework.kafka.KafkaListenerEndpointContainer#0-retry-6000-0-C-1] INFO  o.s.k.l.KafkaMessageListenerContainer - payment-service-retry-6000: Consumer stopped
2024-09-19 15:14:20 [org.springframework.kafka.KafkaListenerEndpointContainer#0-retry-3000-0-C-1] INFO  o.s.k.l.KafkaMessageListenerContainer - payment-service-retry-3000: Consumer stopped
2024-09-19 15:14:20 [org.springframework.kafka.KafkaListenerEndpointContainer#0-0-C-1] INFO  o.s.k.l.KafkaMessageListenerContainer - payment-service: Consumer stopped
2024-09-19 15:14:20 [org.springframework.kafka.KafkaListenerEndpointContainer#0-dlt-0-C-1] INFO  o.a.kafka.common.utils.AppInfoParser - App info kafka.consumer for consumer-payment-service-dlt-1 unregistered
2024-09-19 15:14:20 [org.springframework.kafka.KafkaListenerEndpointContainer#0-dlt-0-C-1] INFO  o.s.k.l.KafkaMessageListenerContainer - payment-service-dlt: Consumer stopped
2024-09-19 15:14:20 [SpringApplicationShutdownHook] INFO  o.s.o.j.LocalContainerEntityManagerFactoryBean - Closing JPA EntityManagerFactory for persistence unit 'default'
